                             latency        interval
transaction       0:              13               1
transaction       1:              13               1
transaction       2:              13               1
transaction       3:              13               1
transaction       4:              13               1
transaction       5:              13               1
transaction       6:              13               1
transaction       7:              13               1
transaction       8:              13               1
transaction       9:              13               1
transaction      10:              13               1
transaction      11:              13               1
transaction      12:              13               1
transaction      13:              13               1
transaction      14:              13               1
transaction      15:              13               1
transaction      16:              13               1
transaction      17:              13               1
transaction      18:              13               1
transaction      19:              13               1
transaction      20:              13               1
transaction      21:              13               1
transaction      22:              13               1
transaction      23:              13               1
transaction      24:              13               1
transaction      25:              13               1
transaction      26:              13               1
transaction      27:              13               1
transaction      28:              13               1
transaction      29:              13               1
transaction      30:              13               1
transaction      31:              13               1
transaction      32:              13               1
transaction      33:              13               1
transaction      34:              13               1
transaction      35:              13               1
transaction      36:              13               1
transaction      37:              13               1
transaction      38:              13               1
transaction      39:              13               1
transaction      40:              13               1
transaction      41:              13               1
transaction      42:              13               1
transaction      43:              13               1
transaction      44:              13               1
transaction      45:              13               1
transaction      46:              13               1
transaction      47:              13               1
transaction      48:              13               1
transaction      49:              13               1
transaction      50:              13               1
transaction      51:              13               1
transaction      52:              13               1
transaction      53:              13               1
transaction      54:              13               1
transaction      55:              13               1
transaction      56:              13               1
transaction      57:              13               1
transaction      58:              13               1
transaction      59:              13               1
transaction      60:              13               1
transaction      61:              13               1
transaction      62:              13               1
transaction      63:              13               1
transaction      64:              13               1
transaction      65:              13               1
transaction      66:              13               1
transaction      67:              13               1
transaction      68:              13               1
transaction      69:              13               1
transaction      70:              13               1
transaction      71:              13               1
transaction      72:              13               1
transaction      73:              13               1
transaction      74:              13               1
transaction      75:              13               1
transaction      76:              13               1
transaction      77:              13               1
transaction      78:              13               1
transaction      79:              13               1
transaction      80:              13               1
transaction      81:              13               1
transaction      82:              13               1
transaction      83:              13               1
transaction      84:              13               1
transaction      85:              13               1
transaction      86:              13               1
transaction      87:              13               1
transaction      88:              13               1
transaction      89:              13               1
transaction      90:              13               1
transaction      91:              13               1
transaction      92:              13               1
transaction      93:              13               1
transaction      94:              13               1
transaction      95:              13               1
transaction      96:              13               1
transaction      97:              13               1
transaction      98:              13               1
transaction      99:              13               1
transaction     100:              13               1
transaction     101:              13               1
transaction     102:              13               1
transaction     103:              13               1
transaction     104:              13               1
transaction     105:              13               1
transaction     106:              13               1
transaction     107:              13               1
transaction     108:              13               1
transaction     109:              13               1
transaction     110:              13               1
transaction     111:              13               1
transaction     112:              13               1
transaction     113:              13               1
transaction     114:              13               1
transaction     115:              13               1
transaction     116:              13               1
transaction     117:              13               1
transaction     118:              13               1
transaction     119:              13               1
transaction     120:              13               1
transaction     121:              13               1
transaction     122:              13               1
transaction     123:              13               1
transaction     124:              13               1
transaction     125:              13               1
transaction     126:              13               1
transaction     127:              13               1
transaction     128:              13               1
transaction     129:              13               1
transaction     130:              13               1
transaction     131:              13               1
transaction     132:              13               1
transaction     133:              13               1
transaction     134:              13               1
transaction     135:              13               1
transaction     136:              13               1
transaction     137:              13               1
transaction     138:              13               1
transaction     139:              13               1
transaction     140:              13               1
transaction     141:              13               1
transaction     142:              13               1
transaction     143:              13               1
transaction     144:              13               1
transaction     145:              13               1
transaction     146:              13               1
transaction     147:              13               1
transaction     148:              13               1
transaction     149:              13               1
transaction     150:              13               1
transaction     151:              13               1
transaction     152:              13               1
transaction     153:              13               1
transaction     154:              13               1
transaction     155:              13               1
transaction     156:              13               1
transaction     157:              13               1
transaction     158:              13               1
transaction     159:              13               1
transaction     160:              13               1
transaction     161:              13               1
transaction     162:              13               1
transaction     163:              13               1
transaction     164:              13               1
transaction     165:              13               1
transaction     166:              13               1
transaction     167:              13               1
transaction     168:              13               1
transaction     169:              13               1
transaction     170:              13               1
transaction     171:              13               1
transaction     172:              13               1
transaction     173:              13               1
transaction     174:              13               1
transaction     175:              13               1
transaction     176:              13               1
transaction     177:              13               1
transaction     178:              13               1
transaction     179:              13               1
transaction     180:              13               1
transaction     181:              13               1
transaction     182:              13               1
transaction     183:              13               1
transaction     184:              13               1
transaction     185:              13               1
transaction     186:              13               1
transaction     187:              13               1
transaction     188:              13               1
transaction     189:              13               1
transaction     190:              13               1
transaction     191:              13               1
transaction     192:              13               1
transaction     193:              13               1
transaction     194:              13               1
transaction     195:              13               1
transaction     196:              13               1
transaction     197:              13               1
transaction     198:              13               1
transaction     199:              13               1
transaction     200:              13               1
transaction     201:              13               1
transaction     202:              13               1
transaction     203:              13               1
transaction     204:              13               1
transaction     205:              13               1
transaction     206:              13               1
transaction     207:              13               1
transaction     208:              13               1
transaction     209:              13               1
transaction     210:              13               1
transaction     211:              13               1
transaction     212:              13               1
transaction     213:              13               1
transaction     214:              13               1
transaction     215:              13               1
transaction     216:              13               1
transaction     217:              13               1
transaction     218:              13               1
transaction     219:              13               1
transaction     220:              13               1
transaction     221:              13               1
transaction     222:              13               1
transaction     223:              13               1
transaction     224:              13               1
transaction     225:              13               1
transaction     226:              13               1
transaction     227:              13               1
transaction     228:              13               1
transaction     229:              13               1
transaction     230:              13               1
transaction     231:              13               1
transaction     232:              13               1
transaction     233:              13               1
transaction     234:              13               1
transaction     235:              13               1
transaction     236:              13               1
transaction     237:              13               1
transaction     238:              13               1
transaction     239:              13               1
transaction     240:              13               1
transaction     241:              13               1
transaction     242:              13               1
transaction     243:              13               1
transaction     244:              13               1
transaction     245:              13               1
transaction     246:              13               1
transaction     247:              13               1
transaction     248:              13               1
transaction     249:              13               1
transaction     250:              13               1
transaction     251:              13               1
transaction     252:              13               1
transaction     253:              13               1
transaction     254:              13               1
transaction     255:              13               1
transaction     256:              13               1
transaction     257:              13               1
transaction     258:              13               1
transaction     259:              13               1
transaction     260:              13               1
transaction     261:              13               1
transaction     262:              13               1
transaction     263:              13               1
transaction     264:              13               1
transaction     265:              13               1
transaction     266:              13               1
transaction     267:              13               1
transaction     268:              13               1
transaction     269:              13               1
transaction     270:              13               1
transaction     271:              13               1
transaction     272:              13               1
transaction     273:              13               1
transaction     274:              13               1
transaction     275:              13               1
transaction     276:              13               1
transaction     277:              13               1
transaction     278:              13               1
transaction     279:              13               1
transaction     280:              13               1
transaction     281:              13               1
transaction     282:              13               1
transaction     283:              13               1
transaction     284:              13               1
transaction     285:              13               1
transaction     286:              13               1
transaction     287:              13               1
transaction     288:              13               1
transaction     289:              13               1
transaction     290:              13               1
transaction     291:              13               1
transaction     292:              13               1
transaction     293:              13               1
transaction     294:              13               1
transaction     295:              13               1
transaction     296:              13               1
transaction     297:              13               1
transaction     298:              13               1
transaction     299:              13               1
transaction     300:              13               1
transaction     301:              13               1
transaction     302:              13               1
transaction     303:              13               1
transaction     304:              13               1
transaction     305:              13               1
transaction     306:              13               1
transaction     307:              13               1
transaction     308:              13               1
transaction     309:              13               1
transaction     310:              13               1
transaction     311:              13               1
transaction     312:              13               1
transaction     313:              13               1
transaction     314:              13               1
transaction     315:              13               1
transaction     316:              13               1
transaction     317:              13               1
transaction     318:              13               1
transaction     319:              13               1
transaction     320:              13               1
transaction     321:              13               1
transaction     322:              13               1
transaction     323:              13               1
transaction     324:              13               1
transaction     325:              13               1
transaction     326:              13               1
transaction     327:              13               1
transaction     328:              13               1
transaction     329:              13               1
transaction     330:              13               1
transaction     331:              13               1
transaction     332:              13               1
transaction     333:              13               1
transaction     334:              13               1
transaction     335:              13               1
transaction     336:              13               1
transaction     337:              13               1
transaction     338:              13               1
transaction     339:              13               1
transaction     340:              13               1
transaction     341:              13               1
transaction     342:              13               1
transaction     343:              13               1
transaction     344:              13               1
transaction     345:              13               1
transaction     346:              13               1
transaction     347:              13               1
transaction     348:              13               1
transaction     349:              13               1
transaction     350:              13               1
transaction     351:              13               1
transaction     352:              13               1
transaction     353:              13               1
transaction     354:              13               1
transaction     355:              13               1
transaction     356:              13               1
transaction     357:              13               1
transaction     358:              13               1
transaction     359:              13               1
transaction     360:              13               1
transaction     361:              13               1
transaction     362:              13               1
transaction     363:              13               1
transaction     364:              13               1
transaction     365:              13               1
transaction     366:              13               1
transaction     367:              13               1
transaction     368:              13               1
transaction     369:              13               1
transaction     370:              13               1
transaction     371:              13               1
transaction     372:              13               1
transaction     373:              13               1
transaction     374:              13               1
transaction     375:              13               1
transaction     376:              13               1
transaction     377:              13               1
transaction     378:              13               1
transaction     379:              13               1
transaction     380:              13               1
transaction     381:              13               1
transaction     382:              13               1
transaction     383:              13               1
transaction     384:              13               1
transaction     385:              13               1
transaction     386:              13               1
transaction     387:              13               1
transaction     388:              13               1
transaction     389:              13               1
transaction     390:              13               1
transaction     391:              13               1
transaction     392:              13               1
transaction     393:              13               1
transaction     394:              13               1
transaction     395:              13               1
transaction     396:              13               1
transaction     397:              13               1
transaction     398:              13               1
transaction     399:              13               1
transaction     400:              13               1
transaction     401:              13               1
transaction     402:              13               1
transaction     403:              13               1
transaction     404:              13               1
transaction     405:              13               1
transaction     406:              13               1
transaction     407:              13               1
transaction     408:              13               1
transaction     409:              13               1
transaction     410:              13               1
transaction     411:              13               1
transaction     412:              13               1
transaction     413:              13               1
transaction     414:              13               1
transaction     415:              13               1
transaction     416:              13               1
transaction     417:              13               1
transaction     418:              13               1
transaction     419:              13               1
transaction     420:              13               1
transaction     421:              13               1
transaction     422:              13               1
transaction     423:              13               1
transaction     424:              13               1
transaction     425:              13               1
transaction     426:              13               1
transaction     427:              13               1
transaction     428:              13               1
transaction     429:              13               1
transaction     430:              13               1
transaction     431:              13               1
transaction     432:              13               1
transaction     433:              13               1
transaction     434:              13               1
transaction     435:              13               1
transaction     436:              13               1
transaction     437:              13               1
transaction     438:              13               1
transaction     439:              13               1
transaction     440:              13               1
transaction     441:              13               1
transaction     442:              13               1
transaction     443:              13               1
transaction     444:              13               1
transaction     445:              13               1
transaction     446:              13               1
transaction     447:              13               1
transaction     448:              13               1
transaction     449:              13               1
transaction     450:              13               1
transaction     451:              13               1
transaction     452:              13               1
transaction     453:              13               1
transaction     454:              13               1
transaction     455:              13               1
transaction     456:              13               1
transaction     457:              13               1
transaction     458:              13               1
transaction     459:              13               1
transaction     460:              13               1
transaction     461:              13               1
transaction     462:              13               1
transaction     463:              13               1
transaction     464:              13               1
transaction     465:              13               1
transaction     466:              13               1
transaction     467:              13               1
transaction     468:              13               1
transaction     469:              13               1
transaction     470:              13               1
transaction     471:              13               1
transaction     472:              13               1
transaction     473:              13               1
transaction     474:              13               1
transaction     475:              13               1
transaction     476:              13               1
transaction     477:              13               1
transaction     478:              13               1
transaction     479:              13               1
transaction     480:              13               1
transaction     481:              13               1
transaction     482:              13               1
transaction     483:              13               1
transaction     484:              13               1
transaction     485:              13               1
transaction     486:              13               1
transaction     487:              13               1
transaction     488:              13               1
transaction     489:              13               1
transaction     490:              13               1
transaction     491:              13               1
transaction     492:              13               1
transaction     493:              13               1
transaction     494:              13               1
transaction     495:              13               1
transaction     496:              13               1
transaction     497:              13               1
transaction     498:              13               1
transaction     499:              13               1
transaction     500:              13               1
transaction     501:              13               1
transaction     502:              13               1
transaction     503:              13               1
transaction     504:              13               1
transaction     505:              13               1
transaction     506:              13               1
transaction     507:              13               1
transaction     508:              13               1
transaction     509:              13               1
transaction     510:              13               1
transaction     511:              13               1
transaction     512:              13               1
transaction     513:              13               1
transaction     514:              13               1
transaction     515:              13               1
transaction     516:              13               1
transaction     517:              13               1
transaction     518:              13               1
transaction     519:              13               1
transaction     520:              13               1
transaction     521:              13               1
transaction     522:              13               1
transaction     523:              13               1
transaction     524:              13               1
transaction     525:              13               1
transaction     526:              13               1
transaction     527:              13               1
transaction     528:              13               1
transaction     529:              13               1
transaction     530:              13               1
transaction     531:              13               1
transaction     532:              13               1
transaction     533:              13               1
transaction     534:              13               1
transaction     535:              13               1
transaction     536:              13               1
transaction     537:              13               1
transaction     538:              13               1
transaction     539:              13               1
transaction     540:              13               1
transaction     541:              13               1
transaction     542:              13               1
transaction     543:              13               1
transaction     544:              13               1
transaction     545:              13               1
transaction     546:              13               1
transaction     547:              13               1
transaction     548:              13               1
transaction     549:              13               1
transaction     550:              13               1
transaction     551:              13               1
transaction     552:              13               1
transaction     553:              13               1
transaction     554:              13               1
transaction     555:              13               1
transaction     556:              13               1
transaction     557:              13               1
transaction     558:              13               1
transaction     559:              13               1
transaction     560:              13               1
transaction     561:              13               1
transaction     562:              13               1
transaction     563:              13               1
transaction     564:              13               1
transaction     565:              13               1
transaction     566:              13               1
transaction     567:              13               1
transaction     568:              13               1
transaction     569:              13               1
transaction     570:              13               1
transaction     571:              13               1
transaction     572:              13               1
transaction     573:              13               1
transaction     574:              13               1
transaction     575:              13               1
transaction     576:              13               1
transaction     577:              13               1
transaction     578:              13               1
transaction     579:              13               1
transaction     580:              13               1
transaction     581:              13               1
transaction     582:              13               1
transaction     583:              13               1
transaction     584:              13               1
transaction     585:              13               1
transaction     586:              13               1
transaction     587:              13               1
transaction     588:              13               1
transaction     589:              13               1
transaction     590:              13               1
transaction     591:              13               1
transaction     592:              13               1
transaction     593:              13               1
transaction     594:              13               1
transaction     595:              13               1
transaction     596:              13               1
transaction     597:              13               1
transaction     598:              13               1
transaction     599:              13               1
transaction     600:              13               1
transaction     601:              13               1
transaction     602:              13               1
transaction     603:              13               1
transaction     604:              13               1
transaction     605:              13               1
transaction     606:              13               1
transaction     607:              13               1
transaction     608:              13               1
transaction     609:              13               1
transaction     610:              13               1
transaction     611:              13               1
transaction     612:              13               1
transaction     613:              13               1
transaction     614:              13               1
transaction     615:              13               1
transaction     616:              13               1
transaction     617:              13               1
transaction     618:              13               1
transaction     619:              13               1
transaction     620:              13               1
transaction     621:              13               1
transaction     622:              13               1
transaction     623:              13               1
transaction     624:              13               1
transaction     625:              13               1
transaction     626:              13               1
transaction     627:              13               1
transaction     628:              13               x
