                             latency        interval
transaction       0:              19              20
transaction       1:              19              20
transaction       2:              19              20
transaction       3:              19              20
transaction       4:              19              20
transaction       5:              19              20
transaction       6:              19              20
transaction       7:              19              20
transaction       8:              19              20
transaction       9:              19              20
transaction      10:              19              20
transaction      11:              19              20
transaction      12:              19              20
transaction      13:              19              20
transaction      14:              19              20
transaction      15:              19              20
transaction      16:              19              20
transaction      17:              19              20
transaction      18:              19              20
transaction      19:              19              20
transaction      20:              19              20
transaction      21:              19              20
transaction      22:              19              20
transaction      23:              19              20
transaction      24:              19              20
transaction      25:              19              20
transaction      26:              19              20
transaction      27:              19              20
transaction      28:              19              20
transaction      29:              19              20
transaction      30:              19              20
transaction      31:              19              20
transaction      32:              19              20
transaction      33:              19              20
transaction      34:              19              20
transaction      35:              19              20
transaction      36:              19              20
transaction      37:              19              20
transaction      38:              19              20
transaction      39:              19              20
transaction      40:              19              20
transaction      41:              19              20
transaction      42:              19              20
transaction      43:              19              20
transaction      44:              19              20
transaction      45:              19              20
transaction      46:              19              20
transaction      47:              19              20
transaction      48:              19              20
transaction      49:              19              20
transaction      50:              19              20
transaction      51:              19              20
transaction      52:              19              20
transaction      53:              19              20
transaction      54:              19              20
transaction      55:              19              20
transaction      56:              19              20
transaction      57:              19              20
transaction      58:              19              20
transaction      59:              19              20
transaction      60:              19              20
transaction      61:              19              20
transaction      62:              19              20
transaction      63:              19              20
transaction      64:              19              20
transaction      65:              19              20
transaction      66:              19              20
transaction      67:              19              20
transaction      68:              19              20
transaction      69:              19              20
transaction      70:              19              20
transaction      71:              19              20
transaction      72:              19              20
transaction      73:              19              20
transaction      74:              19              20
transaction      75:              19              20
transaction      76:              19              20
transaction      77:              19              20
transaction      78:              19              20
transaction      79:              19              20
transaction      80:              19              20
transaction      81:              19              20
transaction      82:              19              20
transaction      83:              19              20
transaction      84:              19              20
transaction      85:              19              20
transaction      86:              19              20
transaction      87:              19              20
transaction      88:              19              20
transaction      89:              19              20
transaction      90:              19              20
transaction      91:              19              20
transaction      92:              19              20
transaction      93:              19              20
transaction      94:              19              20
transaction      95:              19              20
transaction      96:              19              20
transaction      97:              19              20
transaction      98:              19              20
transaction      99:              19              20
transaction     100:              19              20
transaction     101:              19              20
transaction     102:              19              20
transaction     103:              19              20
transaction     104:              19              20
transaction     105:              19              20
transaction     106:              19              20
transaction     107:              19              20
transaction     108:              19              20
transaction     109:              19              20
transaction     110:              19              20
transaction     111:              19              20
transaction     112:              19              20
transaction     113:              19              20
transaction     114:              19              20
transaction     115:              19              20
transaction     116:              19              20
transaction     117:              19              20
transaction     118:              19              20
transaction     119:              19              20
transaction     120:              19              20
transaction     121:              19              20
transaction     122:              19              20
transaction     123:              19              20
transaction     124:              19              20
transaction     125:              19              20
transaction     126:              19              20
transaction     127:              19              20
transaction     128:              19              20
transaction     129:              19              20
transaction     130:              19              20
transaction     131:              19              20
transaction     132:              19              20
transaction     133:              19              20
transaction     134:              19              20
transaction     135:              19              20
transaction     136:              19              20
transaction     137:              19              20
transaction     138:              19              20
transaction     139:              19              20
transaction     140:              19              20
transaction     141:              19              20
transaction     142:              19              20
transaction     143:              19              20
transaction     144:              19              20
transaction     145:              19              20
transaction     146:              19              20
transaction     147:              19              20
transaction     148:              19              20
transaction     149:              19              20
transaction     150:              19              20
transaction     151:              19              20
transaction     152:              19              20
transaction     153:              19              20
transaction     154:              19              20
transaction     155:              19              20
transaction     156:              19              20
transaction     157:              19              20
transaction     158:              19              20
transaction     159:              19              20
transaction     160:              19              20
transaction     161:              19              20
transaction     162:              19              20
transaction     163:              19              20
transaction     164:              19              20
transaction     165:              19              20
transaction     166:              19              20
transaction     167:              19              20
transaction     168:              19              20
transaction     169:              19              20
transaction     170:              19              20
transaction     171:              19              20
transaction     172:              19              20
transaction     173:              19              20
transaction     174:              19              20
transaction     175:              19              20
transaction     176:              19              20
transaction     177:              19              20
transaction     178:              19              20
transaction     179:              19              20
transaction     180:              19              20
transaction     181:              19              20
transaction     182:              19              20
transaction     183:              19              20
transaction     184:              19              20
transaction     185:              19              20
transaction     186:              19              20
transaction     187:              19              20
transaction     188:              19              20
transaction     189:              19              20
transaction     190:              19              20
transaction     191:              19              20
transaction     192:              19              20
transaction     193:              19              20
transaction     194:              19              20
transaction     195:              19              20
transaction     196:              19              20
transaction     197:              19              20
transaction     198:              19              20
transaction     199:              19              20
transaction     200:              19              20
transaction     201:              19              20
transaction     202:              19              20
transaction     203:              19              20
transaction     204:              19              20
transaction     205:              19              20
transaction     206:              19              20
transaction     207:              19              20
transaction     208:              19              20
transaction     209:              19              20
transaction     210:              19              20
transaction     211:              19              20
transaction     212:              19              20
transaction     213:              19              20
transaction     214:              19              20
transaction     215:              19              20
transaction     216:              19              20
transaction     217:              19              20
transaction     218:              19              20
transaction     219:              19              20
transaction     220:              19              20
transaction     221:              19              20
transaction     222:              19              20
transaction     223:              19              20
transaction     224:              19              20
transaction     225:              19              20
transaction     226:              19              20
transaction     227:              19              20
transaction     228:              19              20
transaction     229:              19              20
transaction     230:              19              20
transaction     231:              19              20
transaction     232:              19              20
transaction     233:              19              20
transaction     234:              19              20
transaction     235:              19              20
transaction     236:              19              20
transaction     237:              19              20
transaction     238:              19              20
transaction     239:              19              20
transaction     240:              19              20
transaction     241:              19              20
transaction     242:              19              20
transaction     243:              19              20
transaction     244:              19              20
transaction     245:              19              20
transaction     246:              19              20
transaction     247:              19              20
transaction     248:              19              20
transaction     249:              19              20
transaction     250:              19              20
transaction     251:              19              20
transaction     252:              19              20
transaction     253:              19              20
transaction     254:              19              20
transaction     255:              19              20
transaction     256:              19              20
transaction     257:              19              20
transaction     258:              19              20
transaction     259:              19              20
transaction     260:              19              20
transaction     261:              19              20
transaction     262:              19              20
transaction     263:              19              20
transaction     264:              19              20
transaction     265:              19              20
transaction     266:              19              20
transaction     267:              19              20
transaction     268:              19              20
transaction     269:              19              20
transaction     270:              19              20
transaction     271:              19              20
transaction     272:              19              20
transaction     273:              19              20
transaction     274:              19              20
transaction     275:              19              20
transaction     276:              19              20
transaction     277:              19              20
transaction     278:              19              20
transaction     279:              19              20
transaction     280:              19              20
transaction     281:              19              20
transaction     282:              19              20
transaction     283:              19              20
transaction     284:              19              20
transaction     285:              19              20
transaction     286:              19              20
transaction     287:              19              20
transaction     288:              19              20
transaction     289:              19              20
transaction     290:              19              20
transaction     291:              19              20
transaction     292:              19              20
transaction     293:              19              20
transaction     294:              19              20
transaction     295:              19              20
transaction     296:              19              20
transaction     297:              19              20
transaction     298:              19              20
transaction     299:              19              20
transaction     300:              19              20
transaction     301:              19              20
transaction     302:              19              20
transaction     303:              19              20
transaction     304:              19              20
transaction     305:              19              20
transaction     306:              19              20
transaction     307:              19              20
transaction     308:              19              20
transaction     309:              19              20
transaction     310:              19              20
transaction     311:              19              20
transaction     312:              19              20
transaction     313:              19              20
transaction     314:              19              20
transaction     315:              19              20
transaction     316:              19              20
transaction     317:              19              20
transaction     318:              19              20
transaction     319:              19              20
transaction     320:              19              20
transaction     321:              19              20
transaction     322:              19              20
transaction     323:              19              20
transaction     324:              19              20
transaction     325:              19              20
transaction     326:              19              20
transaction     327:              19              20
transaction     328:              19              20
transaction     329:              19              20
transaction     330:              19              20
transaction     331:              19              20
transaction     332:              19              20
transaction     333:              19              20
transaction     334:              19              20
transaction     335:              19              20
transaction     336:              19              20
transaction     337:              19              20
transaction     338:              19              20
transaction     339:              19              20
transaction     340:              19              20
transaction     341:              19              20
transaction     342:              19              20
transaction     343:              19              20
transaction     344:              19              20
transaction     345:              19              20
transaction     346:              19              20
transaction     347:              19              20
transaction     348:              19              20
transaction     349:              19              20
transaction     350:              19              20
transaction     351:              19              20
transaction     352:              19              20
transaction     353:              19              20
transaction     354:              19              20
transaction     355:              19              20
transaction     356:              19              20
transaction     357:              19              20
transaction     358:              19              20
transaction     359:              19              20
transaction     360:              19              20
transaction     361:              19              20
transaction     362:              19              20
transaction     363:              19              20
transaction     364:              19              20
transaction     365:              19              20
transaction     366:              19              20
transaction     367:              19              20
transaction     368:              19              20
transaction     369:              19              20
transaction     370:              19              20
transaction     371:              19              20
transaction     372:              19              20
transaction     373:              19              20
transaction     374:              19              20
transaction     375:              19              20
transaction     376:              19              20
transaction     377:              19              20
transaction     378:              19              20
transaction     379:              19              20
transaction     380:              19              20
transaction     381:              19              20
transaction     382:              19              20
transaction     383:              19              20
transaction     384:              19              20
transaction     385:              19              20
transaction     386:              19              20
transaction     387:              19              20
transaction     388:              19              20
transaction     389:              19              20
transaction     390:              19              20
transaction     391:              19              20
transaction     392:              19              20
transaction     393:              19              20
transaction     394:              19              20
transaction     395:              19              20
transaction     396:              19              20
transaction     397:              19              20
transaction     398:              19              20
transaction     399:              19              20
transaction     400:              19              20
transaction     401:              19              20
transaction     402:              19              20
transaction     403:              19              20
transaction     404:              19              20
transaction     405:              19              20
transaction     406:              19              20
transaction     407:              19              20
transaction     408:              19              20
transaction     409:              19              20
transaction     410:              19              20
transaction     411:              19              20
transaction     412:              19              20
transaction     413:              19              20
transaction     414:              19              20
transaction     415:              19              20
transaction     416:              19              20
transaction     417:              19              20
transaction     418:              19              20
transaction     419:              19              20
transaction     420:              19              20
transaction     421:              19              20
transaction     422:              19              20
transaction     423:              19              20
transaction     424:              19              20
transaction     425:              19              20
transaction     426:              19              20
transaction     427:              19              20
transaction     428:              19              20
transaction     429:              19              20
transaction     430:              19              20
transaction     431:              19              20
transaction     432:              19              20
transaction     433:              19              20
transaction     434:              19              20
transaction     435:              19              20
transaction     436:              19              20
transaction     437:              19              20
transaction     438:              19              20
transaction     439:              19              20
transaction     440:              19              20
transaction     441:              19              20
transaction     442:              19              20
transaction     443:              19              20
transaction     444:              19              20
transaction     445:              19              20
transaction     446:              19              20
transaction     447:              19              20
transaction     448:              19              20
transaction     449:              19              20
transaction     450:              19              20
transaction     451:              19              20
transaction     452:              19              20
transaction     453:              19              20
transaction     454:              19              20
transaction     455:              19              20
transaction     456:              19              20
transaction     457:              19              20
transaction     458:              19              20
transaction     459:              19              20
transaction     460:              19              20
transaction     461:              19              20
transaction     462:              19              20
transaction     463:              19              20
transaction     464:              19              20
transaction     465:              19              20
transaction     466:              19              20
transaction     467:              19              20
transaction     468:              19              20
transaction     469:              19              20
transaction     470:              19              20
transaction     471:              19              20
transaction     472:              19              20
transaction     473:              19              20
transaction     474:              19              20
transaction     475:              19              20
transaction     476:              19              20
transaction     477:              19              20
transaction     478:              19              20
transaction     479:              19              20
transaction     480:              19              20
transaction     481:              19              20
transaction     482:              19              20
transaction     483:              19              20
transaction     484:              19              20
transaction     485:              19              20
transaction     486:              19              20
transaction     487:              19              20
transaction     488:              19              20
transaction     489:              19              20
transaction     490:              19              20
transaction     491:              19              20
transaction     492:              19              20
transaction     493:              19              20
transaction     494:              19              20
transaction     495:              19              20
transaction     496:              19              20
transaction     497:              19              20
transaction     498:              19              20
transaction     499:              19              20
transaction     500:              19              20
transaction     501:              19              20
transaction     502:              19              20
transaction     503:              19              20
transaction     504:              19              20
transaction     505:              19              20
transaction     506:              19              20
transaction     507:              19              20
transaction     508:              19              20
transaction     509:              19              20
transaction     510:              19              20
transaction     511:              19              20
transaction     512:              19              20
transaction     513:              19              20
transaction     514:              19              20
transaction     515:              19              20
transaction     516:              19              20
transaction     517:              19              20
transaction     518:              19              20
transaction     519:              19              20
transaction     520:              19              20
transaction     521:              19              20
transaction     522:              19              20
transaction     523:              19              20
transaction     524:              19              20
transaction     525:              19              20
transaction     526:              19              20
transaction     527:              19              20
transaction     528:              19              20
transaction     529:              19              20
transaction     530:              19              20
transaction     531:              19              20
transaction     532:              19              20
transaction     533:              19              20
transaction     534:              19              20
transaction     535:              19              20
transaction     536:              19              20
transaction     537:              19              20
transaction     538:              19              20
transaction     539:              19              20
transaction     540:              19              20
transaction     541:              19              20
transaction     542:              19              20
transaction     543:              19              20
transaction     544:              19              20
transaction     545:              19              20
transaction     546:              19              20
transaction     547:              19              20
transaction     548:              19              20
transaction     549:              19              20
transaction     550:              19              20
transaction     551:              19              20
transaction     552:              19              20
transaction     553:              19              20
transaction     554:              19              20
transaction     555:              19              20
transaction     556:              19              20
transaction     557:              19              20
transaction     558:              19              20
transaction     559:              19              20
transaction     560:              19              20
transaction     561:              19              20
transaction     562:              19              20
transaction     563:              19              20
transaction     564:              19              20
transaction     565:              19              20
transaction     566:              19              20
transaction     567:              19              20
transaction     568:              19              20
transaction     569:              19              20
transaction     570:              19              20
transaction     571:              19              20
transaction     572:              19              20
transaction     573:              19              20
transaction     574:              19              20
transaction     575:              19              20
transaction     576:              19              20
transaction     577:              19              20
transaction     578:              19              20
transaction     579:              19              20
transaction     580:              19              20
transaction     581:              19              20
transaction     582:              19              20
transaction     583:              19              20
transaction     584:              19              20
transaction     585:              19              20
transaction     586:              19              20
transaction     587:              19              20
transaction     588:              19              20
transaction     589:              19              20
transaction     590:              19              20
transaction     591:              19              20
transaction     592:              19              20
transaction     593:              19              20
transaction     594:              19              20
transaction     595:              19              20
transaction     596:              19              20
transaction     597:              19              20
transaction     598:              19              20
transaction     599:              19              20
transaction     600:              19              20
transaction     601:              19              20
transaction     602:              19              20
transaction     603:              19              20
transaction     604:              19              20
transaction     605:              19              20
transaction     606:              19              20
transaction     607:              19              20
transaction     608:              19              20
transaction     609:              19              20
transaction     610:              19              20
transaction     611:              19              20
transaction     612:              19              20
transaction     613:              19              20
transaction     614:              19              20
transaction     615:              19              20
transaction     616:              19              20
transaction     617:              19              20
transaction     618:              19              20
transaction     619:              19              20
transaction     620:              19              20
transaction     621:              19              20
transaction     622:              19              20
transaction     623:              19              20
transaction     624:              19              20
transaction     625:              19              20
transaction     626:              19              20
transaction     627:              19              20
transaction     628:              19               x
